CRITICAL - 2026-02-06 06:45:31 --> ErrorException: Maximum execution time of 120 seconds exceeded
[Method: POST, Route: blogupdate]
in SYSTEMPATH\Database\MySQLi\Connection.php on line 309.
 1 [internal function]: CodeIgniter\Debug\Exceptions->shutdownHandler()
CRITICAL - 2026-02-06 06:45:31 --> ErrorException: Maximum execution time of 120 seconds exceeded
[Method: GET, Route: blogindex]
in SYSTEMPATH\Session\Handlers\FileHandler.php on line 136.
 1 [internal function]: CodeIgniter\Debug\Exceptions->shutdownHandler()
CRITICAL - 2026-02-06 06:45:31 --> ErrorException: Maximum execution time of 120 seconds exceeded
[Method: GET, Route: blogadd/32]
in SYSTEMPATH\Session\Handlers\FileHandler.php on line 136.
 1 [internal function]: CodeIgniter\Debug\Exceptions->shutdownHandler()
CRITICAL - 2026-02-06 06:45:31 --> ErrorException: Maximum execution time of 120 seconds exceeded
[Method: GET, Route: blogindex]
in SYSTEMPATH\Session\Handlers\FileHandler.php on line 136.
 1 [internal function]: CodeIgniter\Debug\Exceptions->shutdownHandler()
CRITICAL - 2026-02-06 06:45:31 --> ErrorException: Maximum execution time of 120 seconds exceeded
[Method: GET, Route: /]
in SYSTEMPATH\Session\Handlers\FileHandler.php on line 136.
 1 [internal function]: CodeIgniter\Debug\Exceptions->shutdownHandler()
CRITICAL - 2026-02-06 06:45:31 --> ErrorException: Maximum execution time of 120 seconds exceeded
[Method: GET, Route: /]
in SYSTEMPATH\Session\Handlers\FileHandler.php on line 136.
 1 [internal function]: CodeIgniter\Debug\Exceptions->shutdownHandler()
