CRITICAL - 2026-02-08 05:01:31 --> CodeIgniter\View\Exceptions\ViewException: Invalid file: "admin/shared/layoutmain.php"
[Method: GET, Route: /]
in SYSTEMPATH\Exceptions\FrameworkException.php on line 41.
 1 SYSTEMPATH\View\View.php(222): CodeIgniter\Exceptions\FrameworkException::forInvalidFile('admin/shared/layoutmain.php')
 2 SYSTEMPATH\View\View.php(250): CodeIgniter\View\View->render('admin/shared/layoutmain', [], true)
 3 SYSTEMPATH\Common.php(1171): CodeIgniter\View\View->render('homepage', [], true)
 4 APPPATH\Controllers\Home.php(10): view('homepage', [...])
 5 SYSTEMPATH\CodeIgniter.php(933): App\Controllers\Home->index()
 6 SYSTEMPATH\CodeIgniter.php(509): CodeIgniter\CodeIgniter->runController(Object(App\Controllers\Home))
 7 SYSTEMPATH\CodeIgniter.php(355): CodeIgniter\CodeIgniter->handleRequest(null, Object(Config\Cache), false)
 8 SYSTEMPATH\Boot.php(312): CodeIgniter\CodeIgniter->run()
 9 SYSTEMPATH\Boot.php(67): CodeIgniter\Boot::runCodeIgniter(Object(CodeIgniter\CodeIgniter))
10 FCPATH\index.php(56): CodeIgniter\Boot::bootWeb(Object(Config\Paths))
CRITICAL - 2026-02-08 05:01:56 --> CodeIgniter\View\Exceptions\ViewException: Invalid file: "admin/shared/layoutmain.php"
[Method: GET, Route: /]
in SYSTEMPATH\Exceptions\FrameworkException.php on line 41.
 1 SYSTEMPATH\View\View.php(222): CodeIgniter\Exceptions\FrameworkException::forInvalidFile('admin/shared/layoutmain.php')
 2 SYSTEMPATH\View\View.php(250): CodeIgniter\View\View->render('admin/shared/layoutmain', [], true)
 3 SYSTEMPATH\Common.php(1171): CodeIgniter\View\View->render('homepage', [], true)
 4 APPPATH\Controllers\Home.php(10): view('homepage', [...])
 5 SYSTEMPATH\CodeIgniter.php(933): App\Controllers\Home->index()
 6 SYSTEMPATH\CodeIgniter.php(509): CodeIgniter\CodeIgniter->runController(Object(App\Controllers\Home))
 7 SYSTEMPATH\CodeIgniter.php(355): CodeIgniter\CodeIgniter->handleRequest(null, Object(Config\Cache), false)
 8 SYSTEMPATH\Boot.php(312): CodeIgniter\CodeIgniter->run()
 9 SYSTEMPATH\Boot.php(67): CodeIgniter\Boot::runCodeIgniter(Object(CodeIgniter\CodeIgniter))
10 FCPATH\index.php(56): CodeIgniter\Boot::bootWeb(Object(Config\Paths))
